<?xml version="1.0" encoding="UTF-8"?>
<!-- Generated by org.testng.reporters.JUnitXMLReporter -->
<testsuite hostname="ATMECSINLT-032" ignored="0" name="SampleTest" tests="1" failures="1" timestamp="2019-09-27T19:06:29 IST" time="0.047" errors="0">
  <testcase name="sampleTest" time="0.0" classname="com.qa.automation.falconUI.testscript.SampleTestScript">
    <failure type="org.testng.TestNGException" message="
Parameter &amp;apos;os&amp;apos; is required by @Test on method sampleTest but has not been marked @Optional or defined
in C:\Users\Subhasri.natarajan\Pictures\CHS-master\falconUI\src\main\resources\suitefile\sample.xml">
      <![CDATA[org.testng.TestNGException: 
Parameter 'os' is required by @Test on method sampleTest but has not been marked @Optional or defined
in C:\Users\Subhasri.natarajan\Pictures\CHS-master\falconUI\src\main\resources\suitefile\sample.xml
at java.util.ArrayList.forEach(ArrayList.java:1257)
... Removed 26 stack frames]]>
    </failure>
  </testcase> <!-- sampleTest -->
</testsuite> <!-- SampleTest -->
